This is pdfTeX, Version 3.141592653-2.6-1.40.23 (MiKTeX 21.8) (preloaded format=pdflatex 2021.8.26)  7 MAR 2025 16:35
entering extended mode
**./code.tex
(code.tex
LaTeX2e <2021-06-01> patch level 1
L3 programming layer <2021-07-12>
(C:\Program Files\MiKTeX 2.9\tex/latex/base\article.cls
Document Class: article 2021/02/12 v1.4n Standard LaTeX document class
(C:\Program Files\MiKTeX 2.9\tex/latex/base\size12.clo
File: size12.clo 2021/02/12 v1.4n Standard LaTeX file (size option)
)
\c@part=\count182
\c@section=\count183
\c@subsection=\count184
\c@subsubsection=\count185
\c@paragraph=\count186
\c@subparagraph=\count187
\c@figure=\count188
\c@table=\count189
\abovecaptionskip=\skip47
\belowcaptionskip=\skip48
\bibindent=\dimen138
)
(C:\Program Files\MiKTeX 2.9\tex/latex/amsfonts\amssymb.sty
Package: amssymb 2013/01/14 v3.01 AMS font symbols

(C:\Program Files\MiKTeX 2.9\tex/latex/amsfonts\amsfonts.sty
Package: amsfonts 2013/01/14 v3.01 Basic AMSFonts support
\@emptytoks=\toks16
\symAMSa=\mathgroup4
\symAMSb=\mathgroup5
LaTeX Font Info:    Redeclaring math symbol \hbar on input line 98.
LaTeX Font Info:    Overwriting math alphabet `\mathfrak' in version `bold'
(Font)                  U/euf/m/n --> U/euf/b/n on input line 106.
))
(C:\Program Files\MiKTeX 2.9\tex/latex/graphics\graphicx.sty
Package: graphicx 2020/12/05 v1.2c Enhanced LaTeX Graphics (DPC,SPQR)

(C:\Program Files\MiKTeX 2.9\tex/latex/graphics\keyval.sty
Package: keyval 2014/10/28 v1.15 key=value parser (DPC)
\KV@toks@=\toks17
)
(C:\Program Files\MiKTeX 2.9\tex/latex/graphics\graphics.sty
Package: graphics 2021/03/04 v1.4d Standard LaTeX Graphics (DPC,SPQR)

(C:\Program Files\MiKTeX 2.9\tex/latex/graphics\trig.sty
Package: trig 2016/01/03 v1.10 sin cos tan (DPC)
)
(C:\Program Files\MiKTeX 2.9\tex/latex/graphics-cfg\graphics.cfg
File: graphics.cfg 2016/06/04 v1.11 sample graphics configuration
)
Package graphics Info: Driver file: pdftex.def on input line 107.

(C:\Program Files\MiKTeX 2.9\tex/latex/graphics-def\pdftex.def
File: pdftex.def 2020/10/05 v1.2a Graphics/color driver for pdftex
))
\Gin@req@height=\dimen139
\Gin@req@width=\dimen140
)
(C:\Users\hpl802\AppData\Roaming\MiKTeX\2.9\tex/latex/subfigure\subfigure.sty
Package: subfigure 2002/07/30 v2.1.4 subfigure package
\subfigtopskip=\skip49
\subfigcapskip=\skip50
\subfigcaptopadj=\dimen141
\subfigbottomskip=\skip51
\subfigcapmargin=\dimen142
\subfiglabelskip=\skip52
\c@subfigure=\count190
\c@lofdepth=\count191
\c@subtable=\count192
\c@lotdepth=\count193

****************************************
* Local config file subfigure.cfg used *
****************************************
(C:\Users\hpl802\AppData\Roaming\MiKTeX\2.9\tex/latex/subfigure\subfigure.cfg)
\subfig@top=\skip53
\subfig@bottom=\skip54
) (C:\Program Files\MiKTeX 2.9\tex/latex/base\makeidx.sty
Package: makeidx 2014/09/29 v1.0m Standard LaTeX package
)
(C:\Users\hpl802\AppData\Roaming\MiKTeX\2.9\tex/latex/tools\multicol.sty
Package: multicol 2019/12/09 v1.8y multicolumn formatting (FMi)
\c@tracingmulticols=\count194
\mult@box=\box50
\multicol@leftmargin=\dimen143
\c@unbalance=\count195
\c@collectmore=\count196
\doublecol@number=\count197
\multicoltolerance=\count198
\multicolpretolerance=\count199
\full@width=\dimen144
\page@free=\dimen145
\premulticols=\dimen146
\postmulticols=\dimen147
\multicolsep=\skip55
\multicolbaselineskip=\skip56
\partial@page=\box51
\last@line=\box52
\maxbalancingoverflow=\dimen148
\mult@rightbox=\box53
\mult@grightbox=\box54
\mult@gfirstbox=\box55
\mult@firstbox=\box56
\@tempa=\box57
\@tempa=\box58
\@tempa=\box59
\@tempa=\box60
\@tempa=\box61
\@tempa=\box62
\@tempa=\box63
\@tempa=\box64
\@tempa=\box65
\@tempa=\box66
\@tempa=\box67
\@tempa=\box68
\@tempa=\box69
\@tempa=\box70
\@tempa=\box71
\@tempa=\box72
\@tempa=\box73
\@tempa=\box74
\@tempa=\box75
\@tempa=\box76
\@tempa=\box77
\@tempa=\box78
\@tempa=\box79
\@tempa=\box80
\@tempa=\box81
\@tempa=\box82
\@tempa=\box83
\@tempa=\box84
\@tempa=\box85
\@tempa=\box86
\@tempa=\box87
\@tempa=\box88
\@tempa=\box89
\@tempa=\box90
\@tempa=\box91
\@tempa=\box92
\@tempa=\box93
\c@minrows=\count266
\c@columnbadness=\count267
\c@finalcolumnbadness=\count268
\last@try=\dimen149
\multicolovershoot=\dimen150
\multicolundershoot=\dimen151
\mult@nat@firstbox=\box94
\colbreak@box=\box95
\mc@col@check@num=\count269
)
(C:\Users\hpl802\AppData\Roaming\MiKTeX\2.9\tex/latex/natbib\natbib.sty
Package: natbib 2010/09/13 8.31b (PWD, AO)
\bibhang=\skip57
\bibsep=\skip58
LaTeX Info: Redefining \cite on input line 694.
\c@NAT@ctr=\count270
)
(C:\Program Files\MiKTeX 2.9\tex/latex/amsmath\amsmath.sty
Package: amsmath 2021/04/20 v2.17j AMS math features
\@mathmargin=\skip59

For additional information on amsmath, use the `?' option.
(C:\Program Files\MiKTeX 2.9\tex/latex/amsmath\amstext.sty
Package: amstext 2000/06/29 v2.01 AMS text

(C:\Program Files\MiKTeX 2.9\tex/latex/amsmath\amsgen.sty
File: amsgen.sty 1999/11/30 v2.0 generic functions
\@emptytoks=\toks18
\ex@=\dimen152
))
(C:\Program Files\MiKTeX 2.9\tex/latex/amsmath\amsbsy.sty
Package: amsbsy 1999/11/29 v1.2d Bold Symbols
\pmbraise@=\dimen153
)
(C:\Program Files\MiKTeX 2.9\tex/latex/amsmath\amsopn.sty
Package: amsopn 2016/03/08 v2.02 operator names
)
\inf@bad=\count271
LaTeX Info: Redefining \frac on input line 234.
\uproot@=\count272
\leftroot@=\count273
LaTeX Info: Redefining \overline on input line 399.
\classnum@=\count274
\DOTSCASE@=\count275
LaTeX Info: Redefining \ldots on input line 496.
LaTeX Info: Redefining \dots on input line 499.
LaTeX Info: Redefining \cdots on input line 620.
\Mathstrutbox@=\box96
\strutbox@=\box97
\big@size=\dimen154
LaTeX Font Info:    Redeclaring font encoding OML on input line 743.
LaTeX Font Info:    Redeclaring font encoding OMS on input line 744.
\macc@depth=\count276
\c@MaxMatrixCols=\count277
\dotsspace@=\muskip16
\c@parentequation=\count278
\dspbrk@lvl=\count279
\tag@help=\toks19
\row@=\count280
\column@=\count281
\maxfields@=\count282
\andhelp@=\toks20
\eqnshift@=\dimen155
\alignsep@=\dimen156
\tagshift@=\dimen157
\tagwidth@=\dimen158
\totwidth@=\dimen159
\lineht@=\dimen160
\@envbody=\toks21
\multlinegap=\skip60
\multlinetaggap=\skip61
\mathdisplay@stack=\toks22
LaTeX Info: Redefining \[ on input line 2923.
LaTeX Info: Redefining \] on input line 2924.
)
(C:\Users\hpl802\AppData\Roaming\MiKTeX\2.9\tex/latex/tools\bm.sty
Package: bm 2021/04/25 v1.2e Bold Symbol Support (DPC/FMi)
\symboldoperators=\mathgroup6
\symboldletters=\mathgroup7
\symboldsymbols=\mathgroup8
Package bm Info: No bold for \OMX/cmex/m/n, using \pmb.
Package bm Info: No bold for \U/msa/m/n, using \pmb.
Package bm Info: No bold for \U/msb/m/n, using \pmb.
LaTeX Font Info:    Redeclaring math alphabet \mathbf on input line 149.
)
(C:\Users\hpl802\AppData\Roaming\MiKTeX\2.9\tex/latex/amscls\amsthm.sty
Package: amsthm 2020/05/29 v2.20.6
\thm@style=\toks23
\thm@bodyfont=\toks24
\thm@headfont=\toks25
\thm@notefont=\toks26
\thm@headpunct=\toks27
\thm@preskip=\skip62
\thm@postskip=\skip63
\thm@headsep=\skip64
\dth@everypar=\toks28
)
(C:\Program Files\MiKTeX 2.9\tex/latex/base\latexsym.sty
Package: latexsym 1998/08/17 v2.2e Standard LaTeX package (lasy symbols)
\symlasy=\mathgroup9
LaTeX Font Info:    Overwriting symbol font `lasy' in version `bold'
(Font)                  U/lasy/m/n --> U/lasy/b/n on input line 52.
)
(C:\Users\hpl802\AppData\Roaming\MiKTeX\2.9\tex/latex/multirow\multirow.sty
Package: multirow 2021/03/15 v2.8 Span multiple rows of a table
\multirow@colwidth=\skip65
\multirow@cntb=\count283
\multirow@dima=\skip66
\bigstrutjot=\dimen161
)
(C:\Users\hpl802\AppData\Roaming\MiKTeX\2.9\tex/latex/units\nicefrac.sty
Package: nicefrac 1998/08/04 v0.9b Nice fractions
\L@UnitsRaiseDisplaystyle=\skip67
\L@UnitsRaiseTextstyle=\skip68
\L@UnitsRaiseScriptstyle=\skip69

(C:\Program Files\MiKTeX 2.9\tex/latex/base\ifthen.sty
Package: ifthen 2020/11/24 v1.1c Standard LaTeX ifthen package (DPC)
))
(C:\Users\hpl802\AppData\Roaming\MiKTeX\2.9\tex/latex/geometry\geometry.sty
Package: geometry 2020/01/02 v5.9 Page Geometry

(C:\Program Files\MiKTeX 2.9\tex/generic/iftex\ifvtex.sty
Package: ifvtex 2019/10/25 v1.7 ifvtex legacy package. Use iftex instead.

(C:\Program Files\MiKTeX 2.9\tex/generic/iftex\iftex.sty
Package: iftex 2020/03/06 v1.0d TeX engine tests
))
\Gm@cnth=\count284
\Gm@cntv=\count285
\c@Gm@tempcnt=\count286
\Gm@bindingoffset=\dimen162
\Gm@wd@mp=\dimen163
\Gm@odd@mp=\dimen164
\Gm@even@mp=\dimen165
\Gm@layoutwidth=\dimen166
\Gm@layoutheight=\dimen167
\Gm@layouthoffset=\dimen168
\Gm@layoutvoffset=\dimen169
\Gm@dimlist=\toks29

(C:\Users\hpl802\AppData\Roaming\MiKTeX\2.9\tex/latex/geometry\geometry.cfg))
(C:\Users\hpl802\AppData\Roaming\MiKTeX\2.9\tex/latex/jknappen\mathrsfs.sty
Package: mathrsfs 1996/01/01 Math RSFS package v1.0 (jk)
\symrsfs=\mathgroup10
)
(C:\Users\hpl802\AppData\Roaming\MiKTeX\2.9\tex/latex/bbm\bbm.sty
Package: bbm 1999/03/15 V 1.2 provides fonts for set symbols - TH
LaTeX Font Info:    Overwriting math alphabet `\mathbbm' in version `bold'
(Font)                  U/bbm/m/n --> U/bbm/bx/n on input line 33.
LaTeX Font Info:    Overwriting math alphabet `\mathbbmss' in version `bold'
(Font)                  U/bbmss/m/n --> U/bbmss/bx/n on input line 35.
)
(C:\Users\hpl802\AppData\Roaming\MiKTeX\2.9\tex/latex/tools\enumerate.sty
Package: enumerate 2015/07/23 v3.00 enumerate extensions (DPC)
\@enLab=\toks30
)
\c@defn=\count287
\c@expl=\count288

(C:\Users\hpl802\AppData\Roaming\MiKTeX\2.9\tex/latex/doublestroke\dsfont.sty
Package: dsfont 1995/08/01 v0.1 Double stroke roman fonts
)
(C:\Program Files\MiKTeX 2.9\tex/latex/url\url.sty
\Urlmuskip=\muskip17
Package: url 2013/09/16  ver 3.4  Verb mode for urls, etc.
)
(C:\Program Files\MiKTeX 2.9\tex/latex/listings\listings.sty
\lst@mode=\count289
\lst@gtempboxa=\box98
\lst@token=\toks31
\lst@length=\count290
\lst@currlwidth=\dimen170
\lst@column=\count291
\lst@pos=\count292
\lst@lostspace=\dimen171
\lst@width=\dimen172
\lst@newlines=\count293
\lst@lineno=\count294
\lst@maxwidth=\dimen173

(C:\Program Files\MiKTeX 2.9\tex/latex/listings\lstmisc.sty
File: lstmisc.sty 2020/03/24 1.8d (Carsten Heinz)
\c@lstnumber=\count295
\lst@skipnumbers=\count296
\lst@framebox=\box99
)
(C:\Program Files\MiKTeX 2.9\tex/latex/listings\listings.cfg
File: listings.cfg 2020/03/24 1.8d listings configuration
))
Package: listings 2020/03/24 1.8d (Carsten Heinz)

(C:\Users\hpl802\AppData\Roaming\MiKTeX\2.9\tex/latex/fancyvrb\fancyvrb.sty
Package: fancyvrb 2021/08/12 v3.8 verbatim text (tvz,hv)
\FV@CodeLineNo=\count297
\FV@InFile=\read2
\FV@TabBox=\box100
\c@FancyVerbLine=\count298
\FV@StepNumber=\count299
\FV@OutFile=\write3
)
(C:\Program Files\MiKTeX 2.9\tex/latex/xcolor\xcolor.sty
Package: xcolor 2016/05/11 v2.12 LaTeX color extensions (UK)

(C:\Program Files\MiKTeX 2.9\tex/latex/graphics-cfg\color.cfg
File: color.cfg 2016/01/02 v1.6 sample color configuration
)
Package xcolor Info: Driver file: pdftex.def on input line 225.
Package xcolor Info: Model `cmy' substituted by `cmy0' on input line 1348.
Package xcolor Info: Model `hsb' substituted by `rgb' on input line 1352.
Package xcolor Info: Model `RGB' extended on input line 1364.
Package xcolor Info: Model `HTML' substituted by `rgb' on input line 1366.
Package xcolor Info: Model `Hsb' substituted by `hsb' on input line 1367.
Package xcolor Info: Model `tHsb' substituted by `hsb' on input line 1368.
Package xcolor Info: Model `HSB' substituted by `hsb' on input line 1369.
Package xcolor Info: Model `Gray' substituted by `gray' on input line 1370.
Package xcolor Info: Model `wave' substituted by `hsb' on input line 1371.

(C:\Program Files\MiKTeX 2.9\tex/latex/graphics\dvipsnam.def
File: dvipsnam.def 2016/06/17 v3.0m Driver-dependent file (DPC,SPQR)
))
(C:\Program Files\MiKTeX 2.9\tex/latex/tcolorbox\tcolorbox.sty
Package: tcolorbox 2021/06/14 version 4.51 text color boxes

(C:\Program Files\MiKTeX 2.9\tex/latex/pgf/basiclayer\pgf.sty
(C:\Program Files\MiKTeX 2.9\tex/latex/pgf/utilities\pgfrcs.sty
(C:\Program Files\MiKTeX 2.9\tex/generic/pgf/utilities\pgfutil-common.tex
\pgfutil@everybye=\toks32
\pgfutil@tempdima=\dimen174
\pgfutil@tempdimb=\dimen175

(C:\Program Files\MiKTeX 2.9\tex/generic/pgf/utilities\pgfutil-common-lists.tex
)) (C:\Program Files\MiKTeX 2.9\tex/generic/pgf/utilities\pgfutil-latex.def
\pgfutil@abb=\box101
)
(C:\Program Files\MiKTeX 2.9\tex/generic/pgf/utilities\pgfrcs.code.tex
(C:\Program Files\MiKTeX 2.9\tex/generic/pgf\pgf.revision.tex)
Package: pgfrcs 2021/05/15 v3.1.9a (3.1.9a)
))
Package: pgf 2021/05/15 v3.1.9a (3.1.9a)

(C:\Program Files\MiKTeX 2.9\tex/latex/pgf/basiclayer\pgfcore.sty
(C:\Program Files\MiKTeX 2.9\tex/latex/pgf/systemlayer\pgfsys.sty
(C:\Program Files\MiKTeX 2.9\tex/generic/pgf/systemlayer\pgfsys.code.tex
Package: pgfsys 2021/05/15 v3.1.9a (3.1.9a)

(C:\Program Files\MiKTeX 2.9\tex/generic/pgf/utilities\pgfkeys.code.tex
\pgfkeys@pathtoks=\toks33
\pgfkeys@temptoks=\toks34

(C:\Program Files\MiKTeX 2.9\tex/generic/pgf/utilities\pgfkeysfiltered.code.tex
\pgfkeys@tmptoks=\toks35
))
\pgf@x=\dimen176
\pgf@y=\dimen177
\pgf@xa=\dimen178
\pgf@ya=\dimen179
\pgf@xb=\dimen180
\pgf@yb=\dimen181
\pgf@xc=\dimen182
\pgf@yc=\dimen183
\pgf@xd=\dimen184
\pgf@yd=\dimen185
\w@pgf@writea=\write4
\r@pgf@reada=\read3
\c@pgf@counta=\count300
\c@pgf@countb=\count301
\c@pgf@countc=\count302
\c@pgf@countd=\count303
\t@pgf@toka=\toks36
\t@pgf@tokb=\toks37
\t@pgf@tokc=\toks38
\pgf@sys@id@count=\count304
 (C:\Program Files\MiKTeX 2.9\tex/generic/pgf/systemlayer\pgf.cfg
File: pgf.cfg 2021/05/15 v3.1.9a (3.1.9a)
)
Driver file for pgf: pgfsys-pdftex.def

(C:\Program Files\MiKTeX 2.9\tex/generic/pgf/systemlayer\pgfsys-pdftex.def
File: pgfsys-pdftex.def 2021/05/15 v3.1.9a (3.1.9a)

(C:\Program Files\MiKTeX 2.9\tex/generic/pgf/systemlayer\pgfsys-common-pdf.def
File: pgfsys-common-pdf.def 2021/05/15 v3.1.9a (3.1.9a)
)))
(C:\Program Files\MiKTeX 2.9\tex/generic/pgf/systemlayer\pgfsyssoftpath.code.te
x
File: pgfsyssoftpath.code.tex 2021/05/15 v3.1.9a (3.1.9a)
\pgfsyssoftpath@smallbuffer@items=\count305
\pgfsyssoftpath@bigbuffer@items=\count306
)
(C:\Program Files\MiKTeX 2.9\tex/generic/pgf/systemlayer\pgfsysprotocol.code.te
x
File: pgfsysprotocol.code.tex 2021/05/15 v3.1.9a (3.1.9a)
)) (C:\Program Files\MiKTeX 2.9\tex/generic/pgf/basiclayer\pgfcore.code.tex
Package: pgfcore 2021/05/15 v3.1.9a (3.1.9a)

(C:\Program Files\MiKTeX 2.9\tex/generic/pgf/math\pgfmath.code.tex
(C:\Program Files\MiKTeX 2.9\tex/generic/pgf/math\pgfmathcalc.code.tex
(C:\Program Files\MiKTeX 2.9\tex/generic/pgf/math\pgfmathutil.code.tex)
(C:\Program Files\MiKTeX 2.9\tex/generic/pgf/math\pgfmathparser.code.tex
\pgfmath@dimen=\dimen186
\pgfmath@count=\count307
\pgfmath@box=\box102
\pgfmath@toks=\toks39
\pgfmath@stack@operand=\toks40
\pgfmath@stack@operation=\toks41
)
(C:\Program Files\MiKTeX 2.9\tex/generic/pgf/math\pgfmathfunctions.code.tex
(C:\Program Files\MiKTeX 2.9\tex/generic/pgf/math\pgfmathfunctions.basic.code.t
ex)
(C:\Program Files\MiKTeX 2.9\tex/generic/pgf/math\pgfmathfunctions.trigonometri
c.code.tex)
(C:\Program Files\MiKTeX 2.9\tex/generic/pgf/math\pgfmathfunctions.random.code.
tex)
(C:\Program Files\MiKTeX 2.9\tex/generic/pgf/math\pgfmathfunctions.comparison.c
ode.tex)
(C:\Program Files\MiKTeX 2.9\tex/generic/pgf/math\pgfmathfunctions.base.code.te
x)
(C:\Program Files\MiKTeX 2.9\tex/generic/pgf/math\pgfmathfunctions.round.code.t
ex)
(C:\Program Files\MiKTeX 2.9\tex/generic/pgf/math\pgfmathfunctions.misc.code.te
x)
(C:\Program Files\MiKTeX 2.9\tex/generic/pgf/math\pgfmathfunctions.integerarith
metics.code.tex)))
(C:\Program Files\MiKTeX 2.9\tex/generic/pgf/math\pgfmathfloat.code.tex
\c@pgfmathroundto@lastzeros=\count308
))
(C:\Program Files\MiKTeX 2.9\tex/generic/pgf/math\pgfint.code.tex)
(C:\Program Files\MiKTeX 2.9\tex/generic/pgf/basiclayer\pgfcorepoints.code.tex
File: pgfcorepoints.code.tex 2021/05/15 v3.1.9a (3.1.9a)
\pgf@picminx=\dimen187
\pgf@picmaxx=\dimen188
\pgf@picminy=\dimen189
\pgf@picmaxy=\dimen190
\pgf@pathminx=\dimen191
\pgf@pathmaxx=\dimen192
\pgf@pathminy=\dimen193
\pgf@pathmaxy=\dimen194
\pgf@xx=\dimen195
\pgf@xy=\dimen196
\pgf@yx=\dimen197
\pgf@yy=\dimen198
\pgf@zx=\dimen199
\pgf@zy=\dimen256
)
(C:\Program Files\MiKTeX 2.9\tex/generic/pgf/basiclayer\pgfcorepathconstruct.co
de.tex
File: pgfcorepathconstruct.code.tex 2021/05/15 v3.1.9a (3.1.9a)
\pgf@path@lastx=\dimen257
\pgf@path@lasty=\dimen258
)
(C:\Program Files\MiKTeX 2.9\tex/generic/pgf/basiclayer\pgfcorepathusage.code.t
ex
File: pgfcorepathusage.code.tex 2021/05/15 v3.1.9a (3.1.9a)
\pgf@shorten@end@additional=\dimen259
\pgf@shorten@start@additional=\dimen260
)
(C:\Program Files\MiKTeX 2.9\tex/generic/pgf/basiclayer\pgfcorescopes.code.tex
File: pgfcorescopes.code.tex 2021/05/15 v3.1.9a (3.1.9a)
\pgfpic=\box103
\pgf@hbox=\box104
\pgf@layerbox@main=\box105
\pgf@picture@serial@count=\count309
)
(C:\Program Files\MiKTeX 2.9\tex/generic/pgf/basiclayer\pgfcoregraphicstate.cod
e.tex
File: pgfcoregraphicstate.code.tex 2021/05/15 v3.1.9a (3.1.9a)
\pgflinewidth=\dimen261
)
(C:\Program Files\MiKTeX 2.9\tex/generic/pgf/basiclayer\pgfcoretransformations.
code.tex
File: pgfcoretransformations.code.tex 2021/05/15 v3.1.9a (3.1.9a)
\pgf@pt@x=\dimen262
\pgf@pt@y=\dimen263
\pgf@pt@temp=\dimen264
)
(C:\Program Files\MiKTeX 2.9\tex/generic/pgf/basiclayer\pgfcorequick.code.tex
File: pgfcorequick.code.tex 2021/05/15 v3.1.9a (3.1.9a)
)
(C:\Program Files\MiKTeX 2.9\tex/generic/pgf/basiclayer\pgfcoreobjects.code.tex
File: pgfcoreobjects.code.tex 2021/05/15 v3.1.9a (3.1.9a)
)
(C:\Program Files\MiKTeX 2.9\tex/generic/pgf/basiclayer\pgfcorepathprocessing.c
ode.tex
File: pgfcorepathprocessing.code.tex 2021/05/15 v3.1.9a (3.1.9a)
)
(C:\Program Files\MiKTeX 2.9\tex/generic/pgf/basiclayer\pgfcorearrows.code.tex
File: pgfcorearrows.code.tex 2021/05/15 v3.1.9a (3.1.9a)
\pgfarrowsep=\dimen265
) (C:\Program Files\MiKTeX 2.9\tex/generic/pgf/basiclayer\pgfcoreshade.code.tex
File: pgfcoreshade.code.tex 2021/05/15 v3.1.9a (3.1.9a)
\pgf@max=\dimen266
\pgf@sys@shading@range@num=\count310
\pgf@shadingcount=\count311
) (C:\Program Files\MiKTeX 2.9\tex/generic/pgf/basiclayer\pgfcoreimage.code.tex
File: pgfcoreimage.code.tex 2021/05/15 v3.1.9a (3.1.9a)

(C:\Program Files\MiKTeX 2.9\tex/generic/pgf/basiclayer\pgfcoreexternal.code.te
x
File: pgfcoreexternal.code.tex 2021/05/15 v3.1.9a (3.1.9a)
\pgfexternal@startupbox=\box106
))
(C:\Program Files\MiKTeX 2.9\tex/generic/pgf/basiclayer\pgfcorelayers.code.tex
File: pgfcorelayers.code.tex 2021/05/15 v3.1.9a (3.1.9a)
)
(C:\Program Files\MiKTeX 2.9\tex/generic/pgf/basiclayer\pgfcoretransparency.cod
e.tex
File: pgfcoretransparency.code.tex 2021/05/15 v3.1.9a (3.1.9a)
)
(C:\Program Files\MiKTeX 2.9\tex/generic/pgf/basiclayer\pgfcorepatterns.code.te
x
File: pgfcorepatterns.code.tex 2021/05/15 v3.1.9a (3.1.9a)
) (C:\Program Files\MiKTeX 2.9\tex/generic/pgf/basiclayer\pgfcorerdf.code.tex
File: pgfcorerdf.code.tex 2021/05/15 v3.1.9a (3.1.9a)
)))
(C:\Program Files\MiKTeX 2.9\tex/generic/pgf/modules\pgfmoduleshapes.code.tex
File: pgfmoduleshapes.code.tex 2021/05/15 v3.1.9a (3.1.9a)
\pgfnodeparttextbox=\box107
)
(C:\Program Files\MiKTeX 2.9\tex/generic/pgf/modules\pgfmoduleplot.code.tex
File: pgfmoduleplot.code.tex 2021/05/15 v3.1.9a (3.1.9a)
)
(C:\Program Files\MiKTeX 2.9\tex/latex/pgf/compatibility\pgfcomp-version-0-65.s
ty
Package: pgfcomp-version-0-65 2021/05/15 v3.1.9a (3.1.9a)
\pgf@nodesepstart=\dimen267
\pgf@nodesepend=\dimen268
)
(C:\Program Files\MiKTeX 2.9\tex/latex/pgf/compatibility\pgfcomp-version-1-18.s
ty
Package: pgfcomp-version-1-18 2021/05/15 v3.1.9a (3.1.9a)
)) (C:\Users\hpl802\AppData\Roaming\MiKTeX\2.9\tex/latex/tools\verbatim.sty
Package: verbatim 2020-07-07 v1.5u LaTeX2e package for verbatim enhancements
\every@verbatim=\toks42
\verbatim@line=\toks43
\verbatim@in@stream=\read4
)
(C:\Program Files\MiKTeX 2.9\tex/latex/environ\environ.sty
Package: environ 2014/05/04 v0.3 A new way to define environments

(C:\Program Files\MiKTeX 2.9\tex/latex/trimspaces\trimspaces.sty
Package: trimspaces 2009/09/17 v1.1 Trim spaces around a token list
))
(C:\Program Files\MiKTeX 2.9\tex/latex/etoolbox\etoolbox.sty
Package: etoolbox 2020/10/05 v2.5k e-TeX tools for LaTeX (JAW)
\etb@tempcnta=\count312
)
\tcb@titlebox=\box108
\tcb@upperbox=\box109
\tcb@lowerbox=\box110
\tcb@phantombox=\box111
\c@tcbbreakpart=\count313
\c@tcblayer=\count314
\c@tcolorbox@number=\count315
\tcb@temp=\box112
\tcb@temp=\box113
\tcb@temp=\box114
\tcb@temp=\box115

(C:\Program Files\MiKTeX 2.9\tex/latex/tcolorbox\tcbskins.code.tex
Library (tcolorbox): 'tcbskins.code.tex' version '4.51'
(C:\Program Files\MiKTeX 2.9\tex/latex/pgf/frontendlayer\tikz.sty
(C:\Program Files\MiKTeX 2.9\tex/latex/pgf/utilities\pgffor.sty
(C:\Program Files\MiKTeX 2.9\tex/latex/pgf/utilities\pgfkeys.sty
(C:\Program Files\MiKTeX 2.9\tex/generic/pgf/utilities\pgfkeys.code.tex))
(C:\Program Files\MiKTeX 2.9\tex/latex/pgf/math\pgfmath.sty
(C:\Program Files\MiKTeX 2.9\tex/generic/pgf/math\pgfmath.code.tex))
(C:\Program Files\MiKTeX 2.9\tex/generic/pgf/utilities\pgffor.code.tex
Package: pgffor 2021/05/15 v3.1.9a (3.1.9a)

(C:\Program Files\MiKTeX 2.9\tex/generic/pgf/math\pgfmath.code.tex)
\pgffor@iter=\dimen269
\pgffor@skip=\dimen270
\pgffor@stack=\toks44
\pgffor@toks=\toks45
))
(C:\Program Files\MiKTeX 2.9\tex/generic/pgf/frontendlayer/tikz\tikz.code.tex
Package: tikz 2021/05/15 v3.1.9a (3.1.9a)

(C:\Program Files\MiKTeX 2.9\tex/generic/pgf/libraries\pgflibraryplothandlers.c
ode.tex
File: pgflibraryplothandlers.code.tex 2021/05/15 v3.1.9a (3.1.9a)
\pgf@plot@mark@count=\count316
\pgfplotmarksize=\dimen271
)
\tikz@lastx=\dimen272
\tikz@lasty=\dimen273
\tikz@lastxsaved=\dimen274
\tikz@lastysaved=\dimen275
\tikz@lastmovetox=\dimen276
\tikz@lastmovetoy=\dimen277
\tikzleveldistance=\dimen278
\tikzsiblingdistance=\dimen279
\tikz@figbox=\box116
\tikz@figbox@bg=\box117
\tikz@tempbox=\box118
\tikz@tempbox@bg=\box119
\tikztreelevel=\count317
\tikznumberofchildren=\count318
\tikznumberofcurrentchild=\count319
\tikz@fig@count=\count320

(C:\Program Files\MiKTeX 2.9\tex/generic/pgf/modules\pgfmodulematrix.code.tex
File: pgfmodulematrix.code.tex 2021/05/15 v3.1.9a (3.1.9a)
\pgfmatrixcurrentrow=\count321
\pgfmatrixcurrentcolumn=\count322
\pgf@matrix@numberofcolumns=\count323
)
\tikz@expandcount=\count324

(C:\Program Files\MiKTeX 2.9\tex/generic/pgf/frontendlayer/tikz/libraries\tikzl
ibrarytopaths.code.tex
File: tikzlibrarytopaths.code.tex 2021/05/15 v3.1.9a (3.1.9a)
)))
\tcb@waterbox=\box120

(C:\Program Files\MiKTeX 2.9\tex/latex/tcolorbox\tcbskinsjigsaw.code.tex
Library (tcolorbox): 'tcbskinsjigsaw.code.tex' version '4.51'
)) (C:\Program Files\MiKTeX 2.9\tex/latex/tcolorbox\tcbtheorems.code.tex
Library (tcolorbox): 'tcbtheorems.code.tex' version '4.51'
)) (C:\Program Files\MiKTeX 2.9\tex/latex/l3backend\l3backend-pdftex.def
File: l3backend-pdftex.def 2021-08-04 L3 backend support: PDF output (pdfTeX)
\l__color_backend_stack_int=\count325
\l__pdf_internal_box=\box121
)
(code.aux)
\openout1 = `code.aux'.

LaTeX Font Info:    Checking defaults for OML/cmm/m/it on input line 80.
LaTeX Font Info:    ... okay on input line 80.
LaTeX Font Info:    Checking defaults for OMS/cmsy/m/n on input line 80.
LaTeX Font Info:    ... okay on input line 80.
LaTeX Font Info:    Checking defaults for OT1/cmr/m/n on input line 80.
LaTeX Font Info:    ... okay on input line 80.
LaTeX Font Info:    Checking defaults for T1/cmr/m/n on input line 80.
LaTeX Font Info:    ... okay on input line 80.
LaTeX Font Info:    Checking defaults for TS1/cmr/m/n on input line 80.
LaTeX Font Info:    ... okay on input line 80.
LaTeX Font Info:    Checking defaults for OMX/cmex/m/n on input line 80.
LaTeX Font Info:    ... okay on input line 80.
LaTeX Font Info:    Checking defaults for U/cmr/m/n on input line 80.
LaTeX Font Info:    ... okay on input line 80.
 (C:\Program Files\MiKTeX 2.9\tex/context/base/mkii\supp-pdf.mkii
[Loading MPS to PDF converter (version 2006.09.02).]
\scratchcounter=\count326
\scratchdimen=\dimen280
\scratchbox=\box122
\nofMPsegments=\count327
\nofMParguments=\count328
\everyMPshowfont=\toks46
\MPscratchCnt=\count329
\MPscratchDim=\dimen281
\MPnumerator=\count330
\makeMPintoPDFobject=\count331
\everyMPtoPDFconversion=\toks47
) (C:\Program Files\MiKTeX 2.9\tex/latex/epstopdf-pkg\epstopdf-base.sty
Package: epstopdf-base 2020-01-24 v2.11 Base part for package epstopdf
Package epstopdf-base Info: Redefining graphics rule for `.eps' on input line 4
85.

(C:\Program Files\MiKTeX 2.9\tex/latex/00miktex\epstopdf-sys.cfg
File: epstopdf-sys.cfg 2021/03/18 v2.0 Configuration of epstopdf for MiKTeX
))
*geometry* driver: auto-detecting
*geometry* detected driver: pdftex
*geometry* verbose mode - [ preamble ] result:
* driver: pdftex
* paper: <default>
* layout: <same size as paper>
* layoutoffset:(h,v)=(0.0pt,0.0pt)
* modes: 
* h-part:(L,W,R)=(25.6073pt, 563.0804pt, 25.6073pt)
* v-part:(T,H,B)=(28.45274pt, 671.11987pt, 95.39737pt)
* \paperwidth=614.295pt
* \paperheight=794.96999pt
* \textwidth=563.0804pt
* \textheight=671.11987pt
* \oddsidemargin=-46.66269pt
* \evensidemargin=-46.66269pt
* \topmargin=-80.81725pt
* \headheight=12.0pt
* \headsep=25.0pt
* \topskip=12.0pt
* \footskip=30.0pt
* \marginparwidth=44.0pt
* \marginparsep=10.0pt
* \columnsep=10.0pt
* \skip\footins=10.8pt plus 4.0pt minus 2.0pt
* \hoffset=0.0pt
* \voffset=0.0pt
* \mag=1000
* \@twocolumnfalse
* \@twosidefalse
* \@mparswitchfalse
* \@reversemarginfalse
* (1in=72.27pt=25.4mm, 1cm=28.453pt)

\c@lstlisting=\count332
[1

{C:/Users/hpl802/AppData/Local/MiKTeX/2.9/pdftex/config/pdftex.map}] [2

]
[3

] [4

] [5] [6

] [7]
LaTeX Font Info:    Trying to load font information for U+msa on input line 439
.
 (C:\Program Files\MiKTeX 2.9\tex/latex/amsfonts\umsa.fd
File: umsa.fd 2013/01/14 v3.01 AMS symbols A
)
LaTeX Font Info:    Trying to load font information for U+msb on input line 439
.

(C:\Program Files\MiKTeX 2.9\tex/latex/amsfonts\umsb.fd
File: umsb.fd 2013/01/14 v3.01 AMS symbols B
)
LaTeX Font Info:    Trying to load font information for U+lasy on input line 43
9.

(C:\Program Files\MiKTeX 2.9\tex/latex/base\ulasy.fd
File: ulasy.fd 1998/08/17 v2.2e LaTeX symbol font definitions
)
LaTeX Font Info:    Trying to load font information for U+rsfs on input line 43
9.

(C:\Users\hpl802\AppData\Roaming\MiKTeX\2.9\tex/latex/jknappen\ursfs.fd
File: ursfs.fd 1998/03/24 rsfs font definition file (jk)
)
LaTeX Font Info:    Trying to load font information for U+dsrom on input line 4
44.

(C:\Users\hpl802\AppData\Roaming\MiKTeX\2.9\tex/latex/doublestroke\udsrom.fd
File: Udsrom.fd 1995/08/01 v0.1 Double stroke roman font definitions
)
[8

] [9] (code.aux) ) 
Here is how much of TeX's memory you used:
 19532 strings out of 478868
 389864 string characters out of 2856724
 735777 words of memory out of 3000000
 37101 multiletter control sequences out of 15000+600000
 412412 words of font info for 65 fonts, out of 8000000 for 9000
 1141 hyphenation exceptions out of 8191
 84i,17n,92p,490b,545s stack positions out of 5000i,500n,10000p,200000b,80000s
<C:/Program Files/MiKTeX 2.9/fonts/type1/public/amsfonts/cm/c
mex10.pfb><C:/Program Files/MiKTeX 2.9/fonts/type1/public/amsfonts/cmextra/cmex
8.pfb><C:/Program Files/MiKTeX 2.9/fonts/type1/public/amsfonts/cm/cmmi12.pfb><C
:/Program Files/MiKTeX 2.9/fonts/type1/public/amsfonts/cm/cmmi6.pfb><C:/Program
 Files/MiKTeX 2.9/fonts/type1/public/amsfonts/cm/cmmi8.pfb><C:/Program Files/Mi
KTeX 2.9/fonts/type1/public/amsfonts/cm/cmr12.pfb><C:/Program Files/MiKTeX 2.9/
fonts/type1/public/amsfonts/cm/cmr6.pfb><C:/Program Files/MiKTeX 2.9/fonts/type
1/public/amsfonts/cm/cmr8.pfb><C:/Program Files/MiKTeX 2.9/fonts/type1/public/a
msfonts/cm/cmsy10.pfb><C:/Program Files/MiKTeX 2.9/fonts/type1/public/amsfonts/
cm/cmsy6.pfb><C:/Program Files/MiKTeX 2.9/fonts/type1/public/amsfonts/cm/cmsy8.
pfb><C:/Program Files/MiKTeX 2.9/fonts/type1/public/amsfonts/cm/cmtt10.pfb><C:/
Users/hpl802/AppData/Roaming/MiKTeX/2.9/fonts/type1/public/doublestroke/dsrom12
.pfb><C:/Program Files/MiKTeX 2.9/fonts/type1/public/amsfonts/symbols/msbm10.pf
b>
Output written on code.pdf (9 pages, 172147 bytes).
PDF statistics:
 105 PDF objects out of 1000 (max. 8388607)
 0 named destinations out of 1000 (max. 500000)
 13 words of extra memory for PDF output out of 10000 (max. 10000000)

